2023-04-26T04:49:41+00:00 CRITICAL syntax error, unexpected end of file in C:\xampp\htdocs\orchardrock1\wp-content\themes\bazaar-lite\public-courses.php on line 199

2023-04-26T04:50:24+00:00 CRITICAL syntax error, unexpected end of file in C:\xampp\htdocs\orchardrock1\wp-content\themes\bazaar-lite\public-courses.php on line 198

2023-04-26T04:51:03+00:00 CRITICAL syntax error, unexpected end of file in C:\xampp\htdocs\orchardrock1\wp-content\themes\bazaar-lite\public-courses.php on line 198

2023-04-26T04:51:31+00:00 CRITICAL syntax error, unexpected end of file in C:\xampp\htdocs\orchardrock1\wp-content\themes\bazaar-lite\public-courses.php on line 198

2023-04-26T04:52:00+00:00 CRITICAL syntax error, unexpected end of file in C:\xampp\htdocs\orchardrock1\wp-content\themes\bazaar-lite\public-courses.php on line 198

2023-04-26T04:54:18+00:00 CRITICAL Uncaught Error: Call to a member function have_posts() on null in C:\xampp\htdocs\orchardrock1\wp-content\themes\bazaar-lite\public-courses.php:79
Stack trace:
#0 C:\xampp\htdocs\orchardrock1\wp-includes\template-loader.php(106): include()
#1 C:\xampp\htdocs\orchardrock1\wp-blog-header.php(19): require_once('C:\\xampp\\htdocs...')
#2 C:\xampp\htdocs\orchardrock1\index.php(17): require('C:\\xampp\\htdocs...')
#3 {main}
  thrown in C:\xampp\htdocs\orchardrock1\wp-content\themes\bazaar-lite\public-courses.php on line 79

2023-04-26T05:43:20+00:00 CRITICAL Uncaught Error: Call to undefined function wp_pagenavi() in C:\xampp\htdocs\orchardrock1\wp-content\themes\bazaar-lite\public-courses.php:120
Stack trace:
#0 C:\xampp\htdocs\orchardrock1\wp-includes\template-loader.php(106): include()
#1 C:\xampp\htdocs\orchardrock1\wp-blog-header.php(19): require_once('C:\\xampp\\htdocs...')
#2 C:\xampp\htdocs\orchardrock1\index.php(17): require('C:\\xampp\\htdocs...')
#3 {main}
  thrown in C:\xampp\htdocs\orchardrock1\wp-content\themes\bazaar-lite\public-courses.php on line 120

2023-04-26T05:56:58+00:00 CRITICAL Uncaught ValueError: strpos(): Argument #3 ($offset) must be contained in argument #1 ($haystack) in C:\xampp\htdocs\orchardrock1\wp-content\themes\bazaar-lite\public-courses.php:79
Stack trace:
#0 C:\xampp\htdocs\orchardrock1\wp-content\themes\bazaar-lite\public-courses.php(79): strpos('', ' ', 50)
#1 C:\xampp\htdocs\orchardrock1\wp-includes\template-loader.php(106): include('C:\\xampp\\htdocs...')
#2 C:\xampp\htdocs\orchardrock1\wp-blog-header.php(19): require_once('C:\\xampp\\htdocs...')
#3 C:\xampp\htdocs\orchardrock1\index.php(17): require('C:\\xampp\\htdocs...')
#4 {main}
  thrown in C:\xampp\htdocs\orchardrock1\wp-content\themes\bazaar-lite\public-courses.php on line 79

2023-04-26T05:57:24+00:00 CRITICAL Uncaught ValueError: strpos(): Argument #3 ($offset) must be contained in argument #1 ($haystack) in C:\xampp\htdocs\orchardrock1\wp-content\themes\bazaar-lite\public-courses.php:79
Stack trace:
#0 C:\xampp\htdocs\orchardrock1\wp-content\themes\bazaar-lite\public-courses.php(79): strpos('', ' ', 50)
#1 C:\xampp\htdocs\orchardrock1\wp-includes\template-loader.php(106): include('C:\\xampp\\htdocs...')
#2 C:\xampp\htdocs\orchardrock1\wp-blog-header.php(19): require_once('C:\\xampp\\htdocs...')
#3 C:\xampp\htdocs\orchardrock1\index.php(17): require('C:\\xampp\\htdocs...')
#4 {main}
  thrown in C:\xampp\htdocs\orchardrock1\wp-content\themes\bazaar-lite\public-courses.php on line 79

2023-04-26T10:59:51+00:00 CRITICAL Cannot redeclare skyverge_add_postmeta_ordering_args() (previously declared in C:\xampp\htdocs\orchardrock1\wp-content\themes\bazaar-lite\functions.php:77) in C:\xampp\htdocs\orchardrock1\wp-content\themes\bazaar-lite\public-courses.php on line 17

2023-04-26T11:11:10+00:00 CRITICAL Uncaught Error: Undefined constant "‘yourprefix_filter_archive_by_tax’" in C:\xampp\htdocs\orchardrock1\wp-content\themes\bazaar-lite\functions.php:282
Stack trace:
#0 C:\xampp\htdocs\orchardrock1\wp-settings.php(585): include()
#1 C:\xampp\htdocs\orchardrock1\wp-config.php(96): require_once('C:\\xampp\\htdocs...')
#2 C:\xampp\htdocs\orchardrock1\wp-load.php(50): require_once('C:\\xampp\\htdocs...')
#3 C:\xampp\htdocs\orchardrock1\wp-blog-header.php(13): require_once('C:\\xampp\\htdocs...')
#4 C:\xampp\htdocs\orchardrock1\index.php(17): require('C:\\xampp\\htdocs...')
#5 {main}
  thrown in C:\xampp\htdocs\orchardrock1\wp-content\themes\bazaar-lite\functions.php on line 282

2023-04-26T11:11:47+00:00 CRITICAL Uncaught Error: Undefined constant "‘yourprefix_filter_archive_by_tax’" in C:\xampp\htdocs\orchardrock1\wp-content\themes\bazaar-lite\functions.php:282
Stack trace:
#0 C:\xampp\htdocs\orchardrock1\wp-settings.php(585): include()
#1 C:\xampp\htdocs\orchardrock1\wp-config.php(96): require_once('C:\\xampp\\htdocs...')
#2 C:\xampp\htdocs\orchardrock1\wp-load.php(50): require_once('C:\\xampp\\htdocs...')
#3 C:\xampp\htdocs\orchardrock1\wp-blog-header.php(13): require_once('C:\\xampp\\htdocs...')
#4 C:\xampp\htdocs\orchardrock1\index.php(17): require('C:\\xampp\\htdocs...')
#5 {main}
  thrown in C:\xampp\htdocs\orchardrock1\wp-content\themes\bazaar-lite\functions.php on line 282

2023-04-26T11:11:50+00:00 CRITICAL Uncaught Error: Undefined constant "‘yourprefix_filter_archive_by_tax’" in C:\xampp\htdocs\orchardrock1\wp-content\themes\bazaar-lite\functions.php:282
Stack trace:
#0 C:\xampp\htdocs\orchardrock1\wp-settings.php(585): include()
#1 C:\xampp\htdocs\orchardrock1\wp-config.php(96): require_once('C:\\xampp\\htdocs...')
#2 C:\xampp\htdocs\orchardrock1\wp-load.php(50): require_once('C:\\xampp\\htdocs...')
#3 C:\xampp\htdocs\orchardrock1\wp-blog-header.php(13): require_once('C:\\xampp\\htdocs...')
#4 C:\xampp\htdocs\orchardrock1\index.php(17): require('C:\\xampp\\htdocs...')
#5 {main}
  thrown in C:\xampp\htdocs\orchardrock1\wp-content\themes\bazaar-lite\functions.php on line 282

2023-04-26T11:22:59+00:00 CRITICAL syntax error, unexpected token "(", expecting variable or "{" or "$" in C:\xampp\htdocs\orchardrock1\wp-content\themes\bazaar-lite\functions.php on line 269

2023-04-26T11:41:01+00:00 CRITICAL syntax error, unexpected token "<", expecting end of file in C:\xampp\htdocs\orchardrock1\wp-content\themes\bazaar-lite\functions.php on line 269

2023-04-26T11:47:01+00:00 CRITICAL syntax error, unexpected token "<", expecting end of file in C:\xampp\htdocs\orchardrock1\wp-content\themes\bazaar-lite\public-courses.php on line 29

2023-04-26T12:19:55+00:00 CRITICAL syntax error, unexpected token ";" in C:\xampp\htdocs\orchardrock1\wp-content\themes\bazaar-lite\public-courses.php on line 20

2023-04-26T12:26:52+00:00 CRITICAL Uncaught Error: Call to a member function have_posts() on null in C:\xampp\htdocs\orchardrock1\wp-content\themes\bazaar-lite\public-courses.php:94
Stack trace:
#0 C:\xampp\htdocs\orchardrock1\wp-includes\template-loader.php(106): include()
#1 C:\xampp\htdocs\orchardrock1\wp-blog-header.php(19): require_once('C:\\xampp\\htdocs...')
#2 C:\xampp\htdocs\orchardrock1\index.php(17): require('C:\\xampp\\htdocs...')
#3 {main}
  thrown in C:\xampp\htdocs\orchardrock1\wp-content\themes\bazaar-lite\public-courses.php on line 94

2023-04-26T12:28:23+00:00 CRITICAL Uncaught Error: Call to a member function have_posts() on null in C:\xampp\htdocs\orchardrock1\wp-content\themes\bazaar-lite\public-courses.php:94
Stack trace:
#0 C:\xampp\htdocs\orchardrock1\wp-includes\template-loader.php(106): include()
#1 C:\xampp\htdocs\orchardrock1\wp-blog-header.php(19): require_once('C:\\xampp\\htdocs...')
#2 C:\xampp\htdocs\orchardrock1\index.php(17): require('C:\\xampp\\htdocs...')
#3 {main}
  thrown in C:\xampp\htdocs\orchardrock1\wp-content\themes\bazaar-lite\public-courses.php on line 94

