2023-05-12T04:57:33+00:00 CRITICAL syntax error, unexpected identifier "order_id", expecting variable or "{" or "$" in C:\xampp\htdocs\orchardrock1\wp-content\themes\bazaar-lite\functions.php on line 363

2023-05-12T05:07:25+00:00 CRITICAL syntax error, unexpected variable "$order" in C:\xampp\htdocs\orchardrock1\wp-content\themes\bazaar-lite\functions.php on line 362

2023-05-12T05:11:27+00:00 CRITICAL syntax error, unexpected variable "$order" in C:\xampp\htdocs\orchardrock1\wp-content\themes\bazaar-lite\functions.php on line 362

2023-05-12T05:12:11+00:00 CRITICAL syntax error, unexpected variable "$order" in C:\xampp\htdocs\orchardrock1\wp-content\themes\bazaar-lite\functions.php on line 362

2023-05-12T05:13:28+00:00 CRITICAL syntax error, unexpected variable "$order" in C:\xampp\htdocs\orchardrock1\wp-content\themes\bazaar-lite\functions.php on line 365

2023-05-12T05:13:32+00:00 CRITICAL syntax error, unexpected variable "$order" in C:\xampp\htdocs\orchardrock1\wp-content\themes\bazaar-lite\functions.php on line 365

2023-05-12T05:13:44+00:00 CRITICAL syntax error, unexpected variable "$order" in C:\xampp\htdocs\orchardrock1\wp-content\themes\bazaar-lite\functions.php on line 365

2023-05-12T05:13:54+00:00 CRITICAL syntax error, unexpected variable "$order" in C:\xampp\htdocs\orchardrock1\wp-content\themes\bazaar-lite\functions.php on line 365

2023-05-12T05:14:03+00:00 CRITICAL syntax error, unexpected variable "$order" in C:\xampp\htdocs\orchardrock1\wp-content\themes\bazaar-lite\functions.php on line 365

2023-05-12T05:15:21+00:00 CRITICAL Uncaught Error: Call to a member function update_meta_data() on null in C:\xampp\htdocs\orchardrock1\wp-content\themes\bazaar-lite\functions.php:365
Stack trace:
#0 C:\xampp\htdocs\orchardrock1\wp-includes\class-wp-hook.php(310): my_custom_function('3755')
#1 C:\xampp\htdocs\orchardrock1\wp-includes\class-wp-hook.php(332): WP_Hook->apply_filters(NULL, Array)
#2 C:\xampp\htdocs\orchardrock1\wp-includes\plugin.php(517): WP_Hook->do_action(Array)
#3 C:\xampp\htdocs\orchardrock1\wp-content\plugins\woocommerce\includes\class-wc-order.php(145): do_action('woocommerce_pay...', 3755, 'ch_3N6oK7HIGAsc...')
#4 C:\xampp\htdocs\orchardrock1\wp-content\plugins\woocommerce-gateway-stripe\includes\abstracts\abstract-wc-stripe-payment-gateway.php(547): WC_Order->payment_complete('ch_3N6oK7HIGAsc...')
#5 C:\xampp\htdocs\orchardrock1\wp-content\plugins\woocommerce-gateway-stripe\includes\class-wc-gateway-stripe.php(472): WC_Stripe_Payment_Gateway->process_response(Object(stdClass), Object(Automattic\WooCommerce\Admin\Overrides\Order))
#6 C:\xampp\htdocs\orchardrock1\wp-content\plugins\woocommerce\includes\class-wc-checkout.php(1050): WC_Gateway_Stripe->process_payment(3755)
#7 C:\xampp\htdocs\orchardrock1\wp-content\plugins\woocommerce\includes\class-wc-checkout.php(1279): WC_Checkout->process_order_payment(3755, 'stripe')
#8 C:\xampp\htdocs\orchardrock1\wp-content\plugins\woocommerce\includes\class-wc-ajax.php(485): WC_Checkout->process_checkout()
#9 C:\xampp\htdocs\orchardrock1\wp-includes\class-wp-hook.php(308): WC_AJAX::checkout('')
#10 C:\xampp\htdocs\orchardrock1\wp-includes\class-wp-hook.php(332): WP_Hook->apply_filters('', Array)
#11 C:\xampp\htdocs\orchardrock1\wp-includes\plugin.php(517): WP_Hook->do_action(Array)
#12 C:\xampp\htdocs\orchardrock1\wp-content\plugins\woocommerce\includes\class-wc-ajax.php(96): do_action('wc_ajax_checkou...')
#13 C:\xampp\htdocs\orchardrock1\wp-includes\class-wp-hook.php(308): WC_AJAX::do_wc_ajax('')
#14 C:\xampp\htdocs\orchardrock1\wp-includes\class-wp-hook.php(332): WP_Hook->apply_filters(false, Array)
#15 C:\xampp\htdocs\orchardrock1\wp-includes\plugin.php(517): WP_Hook->do_action(Array)
#16 C:\xampp\htdocs\orchardrock1\wp-includes\template-loader.php(13): do_action('template_redire...')
#17 C:\xampp\htdocs\orchardrock1\wp-blog-header.php(19): require_once('C:\\xampp\\htdocs...')
#18 C:\xampp\htdocs\orchardrock1\index.php(17): require('C:\\xampp\\htdocs...')
#19 {main}
  thrown in C:\xampp\htdocs\orchardrock1\wp-content\themes\bazaar-lite\functions.php on line 365

2023-05-12T05:45:28+00:00 CRITICAL Uncaught Error: Call to undefined function update_field() in C:\xampp\htdocs\orchardrock1\wp-content\themes\bazaar-lite\functions.php:369
Stack trace:
#0 C:\xampp\htdocs\orchardrock1\wp-includes\class-wp-hook.php(308): bks_post_transaction_after_order_completion(3756)
#1 C:\xampp\htdocs\orchardrock1\wp-includes\class-wp-hook.php(332): WP_Hook->apply_filters(NULL, Array)
#2 C:\xampp\htdocs\orchardrock1\wp-includes\plugin.php(517): WP_Hook->do_action(Array)
#3 C:\xampp\htdocs\orchardrock1\wp-content\themes\bazaar-lite\woocommerce\checkout\thankyou.php(80): do_action('woocommerce_tha...', 3756)
#4 C:\xampp\htdocs\orchardrock1\wp-content\plugins\woocommerce\includes\wc-core-functions.php(345): include('C:\\xampp\\htdocs...')
#5 C:\xampp\htdocs\orchardrock1\wp-content\plugins\woocommerce\includes\shortcodes\class-wc-shortcode-checkout.php(279): wc_get_template('checkout/thanky...', Array)
#6 C:\xampp\htdocs\orchardrock1\wp-content\plugins\woocommerce\includes\shortcodes\class-wc-shortcode-checkout.php(63): WC_Shortcode_Checkout::order_received(3756)
#7 C:\xampp\htdocs\orchardrock1\wp-content\plugins\woocommerce\includes\class-wc-shortcodes.php(72): WC_Shortcode_Checkout::output('')
#8 C:\xampp\htdocs\orchardrock1\wp-content\plugins\woocommerce\includes\class-wc-shortcodes.php(95): WC_Shortcodes::shortcode_wrapper(Array, '')
#9 C:\xampp\htdocs\orchardrock1\wp-includes\shortcodes.php(355): WC_Shortcodes::checkout('', '', 'woocommerce_che...')
#10 [internal function]: do_shortcode_tag(Array)
#11 C:\xampp\htdocs\orchardrock1\wp-includes\shortcodes.php(227): preg_replace_callback('/\\[(\\[?)(woocom...', 'do_shortcode_ta...', '[woocommerce_ch...')
#12 C:\xampp\htdocs\orchardrock1\wp-includes\class-wp-hook.php(308): do_shortcode('[woocommerce_ch...')
#13 C:\xampp\htdocs\orchardrock1\wp-includes\plugin.php(205): WP_Hook->apply_filters('[woocommerce_ch...', Array)
#14 C:\xampp\htdocs\orchardrock1\wp-includes\post-template.php(255): apply_filters('the_content', '<!-- wp:shortco...')
#15 C:\xampp\htdocs\orchardrock1\wp-content\themes\bazaar-lite\core\templates\after-content.php(36): the_content()
#16 C:\xampp\htdocs\orchardrock1\wp-includes\class-wp-hook.php(308): bazaarlite_after_content_function('')
#17 C:\xampp\htdocs\orchardrock1\wp-includes\class-wp-hook.php(332): WP_Hook->apply_filters('', Array)
#18 C:\xampp\htdocs\orchardrock1\wp-includes\plugin.php(517): WP_Hook->do_action(Array)
#19 C:\xampp\htdocs\orchardrock1\wp-content\themes\bazaar-lite\core\post-formats\page-format.php(19): do_action('bazaarlite_afte...')
#20 C:\xampp\htdocs\orchardrock1\wp-includes\template.php(785): require('C:\\xampp\\htdocs...')
#21 C:\xampp\htdocs\orchardrock1\wp-includes\template.php(718): load_template('C:\\xampp\\htdocs...', false, Array)
#22 C:\xampp\htdocs\orchardrock1\wp-includes\general-template.php(204): locate_template(Array, true, false, Array)
#23 C:\xampp\htdocs\orchardrock1\wp-content\themes\bazaar-lite\core\templates\post-formats.php(40): get_template_part('core/post-forma...')
#24 C:\xampp\htdocs\orchardrock1\wp-includes\class-wp-hook.php(308): bazaarlite_postformat_function('')
#25 C:\xampp\htdocs\orchardrock1\wp-includes\class-wp-hook.php(332): WP_Hook->apply_filters('', Array)
#26 C:\xampp\htdocs\orchardrock1\wp-includes\plugin.php(517): WP_Hook->do_action(Array)
#27 C:\xampp\htdocs\orchardrock1\wp-content\themes\bazaar-lite\page.php(36): do_action('bazaarlite_post...')
#28 C:\xampp\htdocs\orchardrock1\wp-includes\template-loader.php(106): include('C:\\xampp\\htdocs...')
#29 C:\xampp\htdocs\orchardrock1\wp-blog-header.php(19): require_once('C:\\xampp\\htdocs...')
#30 C:\xampp\htdocs\orchardrock1\index.php(17): require('C:\\xampp\\htdocs...')
#31 {main}
  thrown in C:\xampp\htdocs\orchardrock1\wp-content\themes\bazaar-lite\functions.php on line 369

2023-05-12T06:09:01+00:00 CRITICAL Uncaught Error: Call to a member function get_results() on null in C:\xampp\htdocs\orchardrock1\wp-content\themes\bazaar-lite\functions.php:403
Stack trace:
#0 C:\xampp\htdocs\orchardrock1\wp-includes\class-wp-hook.php(308): bks_post_transaction_after_order_completion(3761)
#1 C:\xampp\htdocs\orchardrock1\wp-includes\class-wp-hook.php(332): WP_Hook->apply_filters(NULL, Array)
#2 C:\xampp\htdocs\orchardrock1\wp-includes\plugin.php(517): WP_Hook->do_action(Array)
#3 C:\xampp\htdocs\orchardrock1\wp-content\themes\bazaar-lite\woocommerce\checkout\thankyou.php(80): do_action('woocommerce_tha...', 3761)
#4 C:\xampp\htdocs\orchardrock1\wp-content\plugins\woocommerce\includes\wc-core-functions.php(345): include('C:\\xampp\\htdocs...')
#5 C:\xampp\htdocs\orchardrock1\wp-content\plugins\woocommerce\includes\shortcodes\class-wc-shortcode-checkout.php(279): wc_get_template('checkout/thanky...', Array)
#6 C:\xampp\htdocs\orchardrock1\wp-content\plugins\woocommerce\includes\shortcodes\class-wc-shortcode-checkout.php(63): WC_Shortcode_Checkout::order_received(3761)
#7 C:\xampp\htdocs\orchardrock1\wp-content\plugins\woocommerce\includes\class-wc-shortcodes.php(72): WC_Shortcode_Checkout::output('')
#8 C:\xampp\htdocs\orchardrock1\wp-content\plugins\woocommerce\includes\class-wc-shortcodes.php(95): WC_Shortcodes::shortcode_wrapper(Array, '')
#9 C:\xampp\htdocs\orchardrock1\wp-includes\shortcodes.php(355): WC_Shortcodes::checkout('', '', 'woocommerce_che...')
#10 [internal function]: do_shortcode_tag(Array)
#11 C:\xampp\htdocs\orchardrock1\wp-includes\shortcodes.php(227): preg_replace_callback('/\\[(\\[?)(woocom...', 'do_shortcode_ta...', '[woocommerce_ch...')
#12 C:\xampp\htdocs\orchardrock1\wp-includes\class-wp-hook.php(308): do_shortcode('[woocommerce_ch...')
#13 C:\xampp\htdocs\orchardrock1\wp-includes\plugin.php(205): WP_Hook->apply_filters('[woocommerce_ch...', Array)
#14 C:\xampp\htdocs\orchardrock1\wp-includes\post-template.php(255): apply_filters('the_content', '<!-- wp:shortco...')
#15 C:\xampp\htdocs\orchardrock1\wp-content\themes\bazaar-lite\core\templates\after-content.php(36): the_content()
#16 C:\xampp\htdocs\orchardrock1\wp-includes\class-wp-hook.php(308): bazaarlite_after_content_function('')
#17 C:\xampp\htdocs\orchardrock1\wp-includes\class-wp-hook.php(332): WP_Hook->apply_filters('', Array)
#18 C:\xampp\htdocs\orchardrock1\wp-includes\plugin.php(517): WP_Hook->do_action(Array)
#19 C:\xampp\htdocs\orchardrock1\wp-content\themes\bazaar-lite\core\post-formats\page-format.php(19): do_action('bazaarlite_afte...')
#20 C:\xampp\htdocs\orchardrock1\wp-includes\template.php(785): require('C:\\xampp\\htdocs...')
#21 C:\xampp\htdocs\orchardrock1\wp-includes\template.php(718): load_template('C:\\xampp\\htdocs...', false, Array)
#22 C:\xampp\htdocs\orchardrock1\wp-includes\general-template.php(204): locate_template(Array, true, false, Array)
#23 C:\xampp\htdocs\orchardrock1\wp-content\themes\bazaar-lite\core\templates\post-formats.php(40): get_template_part('core/post-forma...')
#24 C:\xampp\htdocs\orchardrock1\wp-includes\class-wp-hook.php(308): bazaarlite_postformat_function('')
#25 C:\xampp\htdocs\orchardrock1\wp-includes\class-wp-hook.php(332): WP_Hook->apply_filters('', Array)
#26 C:\xampp\htdocs\orchardrock1\wp-includes\plugin.php(517): WP_Hook->do_action(Array)
#27 C:\xampp\htdocs\orchardrock1\wp-content\themes\bazaar-lite\page.php(36): do_action('bazaarlite_post...')
#28 C:\xampp\htdocs\orchardrock1\wp-includes\template-loader.php(106): include('C:\\xampp\\htdocs...')
#29 C:\xampp\htdocs\orchardrock1\wp-blog-header.php(19): require_once('C:\\xampp\\htdocs...')
#30 C:\xampp\htdocs\orchardrock1\index.php(17): require('C:\\xampp\\htdocs...')
#31 {main}
  thrown in C:\xampp\htdocs\orchardrock1\wp-content\themes\bazaar-lite\functions.php on line 403

2023-05-12T06:09:58+00:00 CRITICAL Uncaught Error: Call to a member function get_results() on null in C:\xampp\htdocs\orchardrock1\wp-content\themes\bazaar-lite\functions.php:403
Stack trace:
#0 C:\xampp\htdocs\orchardrock1\wp-includes\class-wp-hook.php(308): bks_post_transaction_after_order_completion(3761)
#1 C:\xampp\htdocs\orchardrock1\wp-includes\class-wp-hook.php(332): WP_Hook->apply_filters(NULL, Array)
#2 C:\xampp\htdocs\orchardrock1\wp-includes\plugin.php(517): WP_Hook->do_action(Array)
#3 C:\xampp\htdocs\orchardrock1\wp-content\themes\bazaar-lite\woocommerce\checkout\thankyou.php(80): do_action('woocommerce_tha...', 3761)
#4 C:\xampp\htdocs\orchardrock1\wp-content\plugins\woocommerce\includes\wc-core-functions.php(345): include('C:\\xampp\\htdocs...')
#5 C:\xampp\htdocs\orchardrock1\wp-content\plugins\woocommerce\includes\shortcodes\class-wc-shortcode-checkout.php(279): wc_get_template('checkout/thanky...', Array)
#6 C:\xampp\htdocs\orchardrock1\wp-content\plugins\woocommerce\includes\shortcodes\class-wc-shortcode-checkout.php(63): WC_Shortcode_Checkout::order_received(3761)
#7 C:\xampp\htdocs\orchardrock1\wp-content\plugins\woocommerce\includes\class-wc-shortcodes.php(72): WC_Shortcode_Checkout::output('')
#8 C:\xampp\htdocs\orchardrock1\wp-content\plugins\woocommerce\includes\class-wc-shortcodes.php(95): WC_Shortcodes::shortcode_wrapper(Array, '')
#9 C:\xampp\htdocs\orchardrock1\wp-includes\shortcodes.php(355): WC_Shortcodes::checkout('', '', 'woocommerce_che...')
#10 [internal function]: do_shortcode_tag(Array)
#11 C:\xampp\htdocs\orchardrock1\wp-includes\shortcodes.php(227): preg_replace_callback('/\\[(\\[?)(woocom...', 'do_shortcode_ta...', '[woocommerce_ch...')
#12 C:\xampp\htdocs\orchardrock1\wp-includes\class-wp-hook.php(308): do_shortcode('[woocommerce_ch...')
#13 C:\xampp\htdocs\orchardrock1\wp-includes\plugin.php(205): WP_Hook->apply_filters('[woocommerce_ch...', Array)
#14 C:\xampp\htdocs\orchardrock1\wp-includes\post-template.php(255): apply_filters('the_content', '<!-- wp:shortco...')
#15 C:\xampp\htdocs\orchardrock1\wp-content\themes\bazaar-lite\core\templates\after-content.php(36): the_content()
#16 C:\xampp\htdocs\orchardrock1\wp-includes\class-wp-hook.php(308): bazaarlite_after_content_function('')
#17 C:\xampp\htdocs\orchardrock1\wp-includes\class-wp-hook.php(332): WP_Hook->apply_filters('', Array)
#18 C:\xampp\htdocs\orchardrock1\wp-includes\plugin.php(517): WP_Hook->do_action(Array)
#19 C:\xampp\htdocs\orchardrock1\wp-content\themes\bazaar-lite\core\post-formats\page-format.php(19): do_action('bazaarlite_afte...')
#20 C:\xampp\htdocs\orchardrock1\wp-includes\template.php(785): require('C:\\xampp\\htdocs...')
#21 C:\xampp\htdocs\orchardrock1\wp-includes\template.php(718): load_template('C:\\xampp\\htdocs...', false, Array)
#22 C:\xampp\htdocs\orchardrock1\wp-includes\general-template.php(204): locate_template(Array, true, false, Array)
#23 C:\xampp\htdocs\orchardrock1\wp-content\themes\bazaar-lite\core\templates\post-formats.php(40): get_template_part('core/post-forma...')
#24 C:\xampp\htdocs\orchardrock1\wp-includes\class-wp-hook.php(308): bazaarlite_postformat_function('')
#25 C:\xampp\htdocs\orchardrock1\wp-includes\class-wp-hook.php(332): WP_Hook->apply_filters('', Array)
#26 C:\xampp\htdocs\orchardrock1\wp-includes\plugin.php(517): WP_Hook->do_action(Array)
#27 C:\xampp\htdocs\orchardrock1\wp-content\themes\bazaar-lite\page.php(36): do_action('bazaarlite_post...')
#28 C:\xampp\htdocs\orchardrock1\wp-includes\template-loader.php(106): include('C:\\xampp\\htdocs...')
#29 C:\xampp\htdocs\orchardrock1\wp-blog-header.php(19): require_once('C:\\xampp\\htdocs...')
#30 C:\xampp\htdocs\orchardrock1\index.php(17): require('C:\\xampp\\htdocs...')
#31 {main}
  thrown in C:\xampp\htdocs\orchardrock1\wp-content\themes\bazaar-lite\functions.php on line 403

2023-05-12T06:26:29+00:00 CRITICAL Uncaught ValueError: Path cannot be empty in C:\xampp\htdocs\orchardrock1\wp-content\themes\bazaar-lite\functions.php:377
Stack trace:
#0 C:\xampp\htdocs\orchardrock1\wp-content\themes\bazaar-lite\functions.php(377): file_get_contents('', false, Resource id #2821)
#1 C:\xampp\htdocs\orchardrock1\wp-includes\class-wp-hook.php(308): transaction_after_order_completion(3764)
#2 C:\xampp\htdocs\orchardrock1\wp-includes\class-wp-hook.php(332): WP_Hook->apply_filters(NULL, Array)
#3 C:\xampp\htdocs\orchardrock1\wp-includes\plugin.php(517): WP_Hook->do_action(Array)
#4 C:\xampp\htdocs\orchardrock1\wp-content\themes\bazaar-lite\woocommerce\checkout\thankyou.php(80): do_action('woocommerce_tha...', 3764)
#5 C:\xampp\htdocs\orchardrock1\wp-content\plugins\woocommerce\includes\wc-core-functions.php(345): include('C:\\xampp\\htdocs...')
#6 C:\xampp\htdocs\orchardrock1\wp-content\plugins\woocommerce\includes\shortcodes\class-wc-shortcode-checkout.php(279): wc_get_template('checkout/thanky...', Array)
#7 C:\xampp\htdocs\orchardrock1\wp-content\plugins\woocommerce\includes\shortcodes\class-wc-shortcode-checkout.php(63): WC_Shortcode_Checkout::order_received(3764)
#8 C:\xampp\htdocs\orchardrock1\wp-content\plugins\woocommerce\includes\class-wc-shortcodes.php(72): WC_Shortcode_Checkout::output('')
#9 C:\xampp\htdocs\orchardrock1\wp-content\plugins\woocommerce\includes\class-wc-shortcodes.php(95): WC_Shortcodes::shortcode_wrapper(Array, '')
#10 C:\xampp\htdocs\orchardrock1\wp-includes\shortcodes.php(355): WC_Shortcodes::checkout('', '', 'woocommerce_che...')
#11 [internal function]: do_shortcode_tag(Array)
#12 C:\xampp\htdocs\orchardrock1\wp-includes\shortcodes.php(227): preg_replace_callback('/\\[(\\[?)(woocom...', 'do_shortcode_ta...', '[woocommerce_ch...')
#13 C:\xampp\htdocs\orchardrock1\wp-includes\class-wp-hook.php(308): do_shortcode('[woocommerce_ch...')
#14 C:\xampp\htdocs\orchardrock1\wp-includes\plugin.php(205): WP_Hook->apply_filters('[woocommerce_ch...', Array)
#15 C:\xampp\htdocs\orchardrock1\wp-includes\post-template.php(255): apply_filters('the_content', '<!-- wp:shortco...')
#16 C:\xampp\htdocs\orchardrock1\wp-content\themes\bazaar-lite\core\templates\after-content.php(36): the_content()
#17 C:\xampp\htdocs\orchardrock1\wp-includes\class-wp-hook.php(308): bazaarlite_after_content_function('')
#18 C:\xampp\htdocs\orchardrock1\wp-includes\class-wp-hook.php(332): WP_Hook->apply_filters('', Array)
#19 C:\xampp\htdocs\orchardrock1\wp-includes\plugin.php(517): WP_Hook->do_action(Array)
#20 C:\xampp\htdocs\orchardrock1\wp-content\themes\bazaar-lite\core\post-formats\page-format.php(19): do_action('bazaarlite_afte...')
#21 C:\xampp\htdocs\orchardrock1\wp-includes\template.php(785): require('C:\\xampp\\htdocs...')
#22 C:\xampp\htdocs\orchardrock1\wp-includes\template.php(718): load_template('C:\\xampp\\htdocs...', false, Array)
#23 C:\xampp\htdocs\orchardrock1\wp-includes\general-template.php(204): locate_template(Array, true, false, Array)
#24 C:\xampp\htdocs\orchardrock1\wp-content\themes\bazaar-lite\core\templates\post-formats.php(40): get_template_part('core/post-forma...')
#25 C:\xampp\htdocs\orchardrock1\wp-includes\class-wp-hook.php(308): bazaarlite_postformat_function('')
#26 C:\xampp\htdocs\orchardrock1\wp-includes\class-wp-hook.php(332): WP_Hook->apply_filters('', Array)
#27 C:\xampp\htdocs\orchardrock1\wp-includes\plugin.php(517): WP_Hook->do_action(Array)
#28 C:\xampp\htdocs\orchardrock1\wp-content\themes\bazaar-lite\page.php(36): do_action('bazaarlite_post...')
#29 C:\xampp\htdocs\orchardrock1\wp-includes\template-loader.php(106): include('C:\\xampp\\htdocs...')
#30 C:\xampp\htdocs\orchardrock1\wp-blog-header.php(19): require_once('C:\\xampp\\htdocs...')
#31 C:\xampp\htdocs\orchardrock1\index.php(17): require('C:\\xampp\\htdocs...')
#32 {main}
  thrown in C:\xampp\htdocs\orchardrock1\wp-content\themes\bazaar-lite\functions.php on line 377

2023-05-12T06:26:47+00:00 CRITICAL Uncaught ValueError: Path cannot be empty in C:\xampp\htdocs\orchardrock1\wp-content\themes\bazaar-lite\functions.php:377
Stack trace:
#0 C:\xampp\htdocs\orchardrock1\wp-content\themes\bazaar-lite\functions.php(377): file_get_contents('', false, Resource id #2820)
#1 C:\xampp\htdocs\orchardrock1\wp-includes\class-wp-hook.php(308): transaction_after_order_completion(3764)
#2 C:\xampp\htdocs\orchardrock1\wp-includes\class-wp-hook.php(332): WP_Hook->apply_filters(NULL, Array)
#3 C:\xampp\htdocs\orchardrock1\wp-includes\plugin.php(517): WP_Hook->do_action(Array)
#4 C:\xampp\htdocs\orchardrock1\wp-content\themes\bazaar-lite\woocommerce\checkout\thankyou.php(80): do_action('woocommerce_tha...', 3764)
#5 C:\xampp\htdocs\orchardrock1\wp-content\plugins\woocommerce\includes\wc-core-functions.php(345): include('C:\\xampp\\htdocs...')
#6 C:\xampp\htdocs\orchardrock1\wp-content\plugins\woocommerce\includes\shortcodes\class-wc-shortcode-checkout.php(279): wc_get_template('checkout/thanky...', Array)
#7 C:\xampp\htdocs\orchardrock1\wp-content\plugins\woocommerce\includes\shortcodes\class-wc-shortcode-checkout.php(63): WC_Shortcode_Checkout::order_received(3764)
#8 C:\xampp\htdocs\orchardrock1\wp-content\plugins\woocommerce\includes\class-wc-shortcodes.php(72): WC_Shortcode_Checkout::output('')
#9 C:\xampp\htdocs\orchardrock1\wp-content\plugins\woocommerce\includes\class-wc-shortcodes.php(95): WC_Shortcodes::shortcode_wrapper(Array, '')
#10 C:\xampp\htdocs\orchardrock1\wp-includes\shortcodes.php(355): WC_Shortcodes::checkout('', '', 'woocommerce_che...')
#11 [internal function]: do_shortcode_tag(Array)
#12 C:\xampp\htdocs\orchardrock1\wp-includes\shortcodes.php(227): preg_replace_callback('/\\[(\\[?)(woocom...', 'do_shortcode_ta...', '[woocommerce_ch...')
#13 C:\xampp\htdocs\orchardrock1\wp-includes\class-wp-hook.php(308): do_shortcode('[woocommerce_ch...')
#14 C:\xampp\htdocs\orchardrock1\wp-includes\plugin.php(205): WP_Hook->apply_filters('[woocommerce_ch...', Array)
#15 C:\xampp\htdocs\orchardrock1\wp-includes\post-template.php(255): apply_filters('the_content', '<!-- wp:shortco...')
#16 C:\xampp\htdocs\orchardrock1\wp-content\themes\bazaar-lite\core\templates\after-content.php(36): the_content()
#17 C:\xampp\htdocs\orchardrock1\wp-includes\class-wp-hook.php(308): bazaarlite_after_content_function('')
#18 C:\xampp\htdocs\orchardrock1\wp-includes\class-wp-hook.php(332): WP_Hook->apply_filters('', Array)
#19 C:\xampp\htdocs\orchardrock1\wp-includes\plugin.php(517): WP_Hook->do_action(Array)
#20 C:\xampp\htdocs\orchardrock1\wp-content\themes\bazaar-lite\core\post-formats\page-format.php(19): do_action('bazaarlite_afte...')
#21 C:\xampp\htdocs\orchardrock1\wp-includes\template.php(785): require('C:\\xampp\\htdocs...')
#22 C:\xampp\htdocs\orchardrock1\wp-includes\template.php(718): load_template('C:\\xampp\\htdocs...', false, Array)
#23 C:\xampp\htdocs\orchardrock1\wp-includes\general-template.php(204): locate_template(Array, true, false, Array)
#24 C:\xampp\htdocs\orchardrock1\wp-content\themes\bazaar-lite\core\templates\post-formats.php(40): get_template_part('core/post-forma...')
#25 C:\xampp\htdocs\orchardrock1\wp-includes\class-wp-hook.php(308): bazaarlite_postformat_function('')
#26 C:\xampp\htdocs\orchardrock1\wp-includes\class-wp-hook.php(332): WP_Hook->apply_filters('', Array)
#27 C:\xampp\htdocs\orchardrock1\wp-includes\plugin.php(517): WP_Hook->do_action(Array)
#28 C:\xampp\htdocs\orchardrock1\wp-content\themes\bazaar-lite\page.php(36): do_action('bazaarlite_post...')
#29 C:\xampp\htdocs\orchardrock1\wp-includes\template-loader.php(106): include('C:\\xampp\\htdocs...')
#30 C:\xampp\htdocs\orchardrock1\wp-blog-header.php(19): require_once('C:\\xampp\\htdocs...')
#31 C:\xampp\htdocs\orchardrock1\index.php(17): require('C:\\xampp\\htdocs...')
#32 {main}
  thrown in C:\xampp\htdocs\orchardrock1\wp-content\themes\bazaar-lite\functions.php on line 377

2023-05-12T06:26:55+00:00 CRITICAL Uncaught ValueError: Path cannot be empty in C:\xampp\htdocs\orchardrock1\wp-content\themes\bazaar-lite\functions.php:377
Stack trace:
#0 C:\xampp\htdocs\orchardrock1\wp-content\themes\bazaar-lite\functions.php(377): file_get_contents('', false, Resource id #2820)
#1 C:\xampp\htdocs\orchardrock1\wp-includes\class-wp-hook.php(308): transaction_after_order_completion(3764)
#2 C:\xampp\htdocs\orchardrock1\wp-includes\class-wp-hook.php(332): WP_Hook->apply_filters(NULL, Array)
#3 C:\xampp\htdocs\orchardrock1\wp-includes\plugin.php(517): WP_Hook->do_action(Array)
#4 C:\xampp\htdocs\orchardrock1\wp-content\themes\bazaar-lite\woocommerce\checkout\thankyou.php(80): do_action('woocommerce_tha...', 3764)
#5 C:\xampp\htdocs\orchardrock1\wp-content\plugins\woocommerce\includes\wc-core-functions.php(345): include('C:\\xampp\\htdocs...')
#6 C:\xampp\htdocs\orchardrock1\wp-content\plugins\woocommerce\includes\shortcodes\class-wc-shortcode-checkout.php(279): wc_get_template('checkout/thanky...', Array)
#7 C:\xampp\htdocs\orchardrock1\wp-content\plugins\woocommerce\includes\shortcodes\class-wc-shortcode-checkout.php(63): WC_Shortcode_Checkout::order_received(3764)
#8 C:\xampp\htdocs\orchardrock1\wp-content\plugins\woocommerce\includes\class-wc-shortcodes.php(72): WC_Shortcode_Checkout::output('')
#9 C:\xampp\htdocs\orchardrock1\wp-content\plugins\woocommerce\includes\class-wc-shortcodes.php(95): WC_Shortcodes::shortcode_wrapper(Array, '')
#10 C:\xampp\htdocs\orchardrock1\wp-includes\shortcodes.php(355): WC_Shortcodes::checkout('', '', 'woocommerce_che...')
#11 [internal function]: do_shortcode_tag(Array)
#12 C:\xampp\htdocs\orchardrock1\wp-includes\shortcodes.php(227): preg_replace_callback('/\\[(\\[?)(woocom...', 'do_shortcode_ta...', '[woocommerce_ch...')
#13 C:\xampp\htdocs\orchardrock1\wp-includes\class-wp-hook.php(308): do_shortcode('[woocommerce_ch...')
#14 C:\xampp\htdocs\orchardrock1\wp-includes\plugin.php(205): WP_Hook->apply_filters('[woocommerce_ch...', Array)
#15 C:\xampp\htdocs\orchardrock1\wp-includes\post-template.php(255): apply_filters('the_content', '<!-- wp:shortco...')
#16 C:\xampp\htdocs\orchardrock1\wp-content\themes\bazaar-lite\core\templates\after-content.php(36): the_content()
#17 C:\xampp\htdocs\orchardrock1\wp-includes\class-wp-hook.php(308): bazaarlite_after_content_function('')
#18 C:\xampp\htdocs\orchardrock1\wp-includes\class-wp-hook.php(332): WP_Hook->apply_filters('', Array)
#19 C:\xampp\htdocs\orchardrock1\wp-includes\plugin.php(517): WP_Hook->do_action(Array)
#20 C:\xampp\htdocs\orchardrock1\wp-content\themes\bazaar-lite\core\post-formats\page-format.php(19): do_action('bazaarlite_afte...')
#21 C:\xampp\htdocs\orchardrock1\wp-includes\template.php(785): require('C:\\xampp\\htdocs...')
#22 C:\xampp\htdocs\orchardrock1\wp-includes\template.php(718): load_template('C:\\xampp\\htdocs...', false, Array)
#23 C:\xampp\htdocs\orchardrock1\wp-includes\general-template.php(204): locate_template(Array, true, false, Array)
#24 C:\xampp\htdocs\orchardrock1\wp-content\themes\bazaar-lite\core\templates\post-formats.php(40): get_template_part('core/post-forma...')
#25 C:\xampp\htdocs\orchardrock1\wp-includes\class-wp-hook.php(308): bazaarlite_postformat_function('')
#26 C:\xampp\htdocs\orchardrock1\wp-includes\class-wp-hook.php(332): WP_Hook->apply_filters('', Array)
#27 C:\xampp\htdocs\orchardrock1\wp-includes\plugin.php(517): WP_Hook->do_action(Array)
#28 C:\xampp\htdocs\orchardrock1\wp-content\themes\bazaar-lite\page.php(36): do_action('bazaarlite_post...')
#29 C:\xampp\htdocs\orchardrock1\wp-includes\template-loader.php(106): include('C:\\xampp\\htdocs...')
#30 C:\xampp\htdocs\orchardrock1\wp-blog-header.php(19): require_once('C:\\xampp\\htdocs...')
#31 C:\xampp\htdocs\orchardrock1\index.php(17): require('C:\\xampp\\htdocs...')
#32 {main}
  thrown in C:\xampp\htdocs\orchardrock1\wp-content\themes\bazaar-lite\functions.php on line 377

2023-05-12T06:27:51+00:00 CRITICAL Uncaught ValueError: Path cannot be empty in C:\xampp\htdocs\orchardrock1\wp-content\themes\bazaar-lite\functions.php:379
Stack trace:
#0 C:\xampp\htdocs\orchardrock1\wp-content\themes\bazaar-lite\functions.php(379): file_get_contents('', false, Resource id #2829)
#1 C:\xampp\htdocs\orchardrock1\wp-includes\class-wp-hook.php(308): bks_post_transaction_after_order_completion(3764)
#2 C:\xampp\htdocs\orchardrock1\wp-includes\class-wp-hook.php(332): WP_Hook->apply_filters(NULL, Array)
#3 C:\xampp\htdocs\orchardrock1\wp-includes\plugin.php(517): WP_Hook->do_action(Array)
#4 C:\xampp\htdocs\orchardrock1\wp-content\themes\bazaar-lite\woocommerce\checkout\thankyou.php(80): do_action('woocommerce_tha...', 3764)
#5 C:\xampp\htdocs\orchardrock1\wp-content\plugins\woocommerce\includes\wc-core-functions.php(345): include('C:\\xampp\\htdocs...')
#6 C:\xampp\htdocs\orchardrock1\wp-content\plugins\woocommerce\includes\shortcodes\class-wc-shortcode-checkout.php(279): wc_get_template('checkout/thanky...', Array)
#7 C:\xampp\htdocs\orchardrock1\wp-content\plugins\woocommerce\includes\shortcodes\class-wc-shortcode-checkout.php(63): WC_Shortcode_Checkout::order_received(3764)
#8 C:\xampp\htdocs\orchardrock1\wp-content\plugins\woocommerce\includes\class-wc-shortcodes.php(72): WC_Shortcode_Checkout::output('')
#9 C:\xampp\htdocs\orchardrock1\wp-content\plugins\woocommerce\includes\class-wc-shortcodes.php(95): WC_Shortcodes::shortcode_wrapper(Array, '')
#10 C:\xampp\htdocs\orchardrock1\wp-includes\shortcodes.php(355): WC_Shortcodes::checkout('', '', 'woocommerce_che...')
#11 [internal function]: do_shortcode_tag(Array)
#12 C:\xampp\htdocs\orchardrock1\wp-includes\shortcodes.php(227): preg_replace_callback('/\\[(\\[?)(woocom...', 'do_shortcode_ta...', '[woocommerce_ch...')
#13 C:\xampp\htdocs\orchardrock1\wp-includes\class-wp-hook.php(308): do_shortcode('[woocommerce_ch...')
#14 C:\xampp\htdocs\orchardrock1\wp-includes\plugin.php(205): WP_Hook->apply_filters('[woocommerce_ch...', Array)
#15 C:\xampp\htdocs\orchardrock1\wp-includes\post-template.php(255): apply_filters('the_content', '<!-- wp:shortco...')
#16 C:\xampp\htdocs\orchardrock1\wp-content\themes\bazaar-lite\core\templates\after-content.php(36): the_content()
#17 C:\xampp\htdocs\orchardrock1\wp-includes\class-wp-hook.php(308): bazaarlite_after_content_function('')
#18 C:\xampp\htdocs\orchardrock1\wp-includes\class-wp-hook.php(332): WP_Hook->apply_filters('', Array)
#19 C:\xampp\htdocs\orchardrock1\wp-includes\plugin.php(517): WP_Hook->do_action(Array)
#20 C:\xampp\htdocs\orchardrock1\wp-content\themes\bazaar-lite\core\post-formats\page-format.php(19): do_action('bazaarlite_afte...')
#21 C:\xampp\htdocs\orchardrock1\wp-includes\template.php(785): require('C:\\xampp\\htdocs...')
#22 C:\xampp\htdocs\orchardrock1\wp-includes\template.php(718): load_template('C:\\xampp\\htdocs...', false, Array)
#23 C:\xampp\htdocs\orchardrock1\wp-includes\general-template.php(204): locate_template(Array, true, false, Array)
#24 C:\xampp\htdocs\orchardrock1\wp-content\themes\bazaar-lite\core\templates\post-formats.php(40): get_template_part('core/post-forma...')
#25 C:\xampp\htdocs\orchardrock1\wp-includes\class-wp-hook.php(308): bazaarlite_postformat_function('')
#26 C:\xampp\htdocs\orchardrock1\wp-includes\class-wp-hook.php(332): WP_Hook->apply_filters('', Array)
#27 C:\xampp\htdocs\orchardrock1\wp-includes\plugin.php(517): WP_Hook->do_action(Array)
#28 C:\xampp\htdocs\orchardrock1\wp-content\themes\bazaar-lite\page.php(36): do_action('bazaarlite_post...')
#29 C:\xampp\htdocs\orchardrock1\wp-includes\template-loader.php(106): include('C:\\xampp\\htdocs...')
#30 C:\xampp\htdocs\orchardrock1\wp-blog-header.php(19): require_once('C:\\xampp\\htdocs...')
#31 C:\xampp\htdocs\orchardrock1\index.php(17): require('C:\\xampp\\htdocs...')
#32 {main}
  thrown in C:\xampp\htdocs\orchardrock1\wp-content\themes\bazaar-lite\functions.php on line 379

2023-05-12T06:27:55+00:00 CRITICAL Uncaught ValueError: Path cannot be empty in C:\xampp\htdocs\orchardrock1\wp-content\themes\bazaar-lite\functions.php:379
Stack trace:
#0 C:\xampp\htdocs\orchardrock1\wp-content\themes\bazaar-lite\functions.php(379): file_get_contents('', false, Resource id #2829)
#1 C:\xampp\htdocs\orchardrock1\wp-includes\class-wp-hook.php(308): bks_post_transaction_after_order_completion(3764)
#2 C:\xampp\htdocs\orchardrock1\wp-includes\class-wp-hook.php(332): WP_Hook->apply_filters(NULL, Array)
#3 C:\xampp\htdocs\orchardrock1\wp-includes\plugin.php(517): WP_Hook->do_action(Array)
#4 C:\xampp\htdocs\orchardrock1\wp-content\themes\bazaar-lite\woocommerce\checkout\thankyou.php(80): do_action('woocommerce_tha...', 3764)
#5 C:\xampp\htdocs\orchardrock1\wp-content\plugins\woocommerce\includes\wc-core-functions.php(345): include('C:\\xampp\\htdocs...')
#6 C:\xampp\htdocs\orchardrock1\wp-content\plugins\woocommerce\includes\shortcodes\class-wc-shortcode-checkout.php(279): wc_get_template('checkout/thanky...', Array)
#7 C:\xampp\htdocs\orchardrock1\wp-content\plugins\woocommerce\includes\shortcodes\class-wc-shortcode-checkout.php(63): WC_Shortcode_Checkout::order_received(3764)
#8 C:\xampp\htdocs\orchardrock1\wp-content\plugins\woocommerce\includes\class-wc-shortcodes.php(72): WC_Shortcode_Checkout::output('')
#9 C:\xampp\htdocs\orchardrock1\wp-content\plugins\woocommerce\includes\class-wc-shortcodes.php(95): WC_Shortcodes::shortcode_wrapper(Array, '')
#10 C:\xampp\htdocs\orchardrock1\wp-includes\shortcodes.php(355): WC_Shortcodes::checkout('', '', 'woocommerce_che...')
#11 [internal function]: do_shortcode_tag(Array)
#12 C:\xampp\htdocs\orchardrock1\wp-includes\shortcodes.php(227): preg_replace_callback('/\\[(\\[?)(woocom...', 'do_shortcode_ta...', '[woocommerce_ch...')
#13 C:\xampp\htdocs\orchardrock1\wp-includes\class-wp-hook.php(308): do_shortcode('[woocommerce_ch...')
#14 C:\xampp\htdocs\orchardrock1\wp-includes\plugin.php(205): WP_Hook->apply_filters('[woocommerce_ch...', Array)
#15 C:\xampp\htdocs\orchardrock1\wp-includes\post-template.php(255): apply_filters('the_content', '<!-- wp:shortco...')
#16 C:\xampp\htdocs\orchardrock1\wp-content\themes\bazaar-lite\core\templates\after-content.php(36): the_content()
#17 C:\xampp\htdocs\orchardrock1\wp-includes\class-wp-hook.php(308): bazaarlite_after_content_function('')
#18 C:\xampp\htdocs\orchardrock1\wp-includes\class-wp-hook.php(332): WP_Hook->apply_filters('', Array)
#19 C:\xampp\htdocs\orchardrock1\wp-includes\plugin.php(517): WP_Hook->do_action(Array)
#20 C:\xampp\htdocs\orchardrock1\wp-content\themes\bazaar-lite\core\post-formats\page-format.php(19): do_action('bazaarlite_afte...')
#21 C:\xampp\htdocs\orchardrock1\wp-includes\template.php(785): require('C:\\xampp\\htdocs...')
#22 C:\xampp\htdocs\orchardrock1\wp-includes\template.php(718): load_template('C:\\xampp\\htdocs...', false, Array)
#23 C:\xampp\htdocs\orchardrock1\wp-includes\general-template.php(204): locate_template(Array, true, false, Array)
#24 C:\xampp\htdocs\orchardrock1\wp-content\themes\bazaar-lite\core\templates\post-formats.php(40): get_template_part('core/post-forma...')
#25 C:\xampp\htdocs\orchardrock1\wp-includes\class-wp-hook.php(308): bazaarlite_postformat_function('')
#26 C:\xampp\htdocs\orchardrock1\wp-includes\class-wp-hook.php(332): WP_Hook->apply_filters('', Array)
#27 C:\xampp\htdocs\orchardrock1\wp-includes\plugin.php(517): WP_Hook->do_action(Array)
#28 C:\xampp\htdocs\orchardrock1\wp-content\themes\bazaar-lite\page.php(36): do_action('bazaarlite_post...')
#29 C:\xampp\htdocs\orchardrock1\wp-includes\template-loader.php(106): include('C:\\xampp\\htdocs...')
#30 C:\xampp\htdocs\orchardrock1\wp-blog-header.php(19): require_once('C:\\xampp\\htdocs...')
#31 C:\xampp\htdocs\orchardrock1\index.php(17): require('C:\\xampp\\htdocs...')
#32 {main}
  thrown in C:\xampp\htdocs\orchardrock1\wp-content\themes\bazaar-lite\functions.php on line 379

2023-05-12T07:46:15+00:00 CRITICAL Uncaught Error: Call to undefined function primt_r() in C:\xampp\htdocs\orchardrock1\wp-content\themes\bazaar-lite\functions.php:371
Stack trace:
#0 C:\xampp\htdocs\orchardrock1\wp-includes\class-wp-hook.php(308): transaction_after_order_completion(3768)
#1 C:\xampp\htdocs\orchardrock1\wp-includes\class-wp-hook.php(332): WP_Hook->apply_filters(NULL, Array)
#2 C:\xampp\htdocs\orchardrock1\wp-includes\plugin.php(517): WP_Hook->do_action(Array)
#3 C:\xampp\htdocs\orchardrock1\wp-content\themes\bazaar-lite\woocommerce\checkout\thankyou.php(80): do_action('woocommerce_tha...', 3768)
#4 C:\xampp\htdocs\orchardrock1\wp-content\plugins\woocommerce\includes\wc-core-functions.php(345): include('C:\\xampp\\htdocs...')
#5 C:\xampp\htdocs\orchardrock1\wp-content\plugins\woocommerce\includes\shortcodes\class-wc-shortcode-checkout.php(279): wc_get_template('checkout/thanky...', Array)
#6 C:\xampp\htdocs\orchardrock1\wp-content\plugins\woocommerce\includes\shortcodes\class-wc-shortcode-checkout.php(63): WC_Shortcode_Checkout::order_received(3768)
#7 C:\xampp\htdocs\orchardrock1\wp-content\plugins\woocommerce\includes\class-wc-shortcodes.php(72): WC_Shortcode_Checkout::output('')
#8 C:\xampp\htdocs\orchardrock1\wp-content\plugins\woocommerce\includes\class-wc-shortcodes.php(95): WC_Shortcodes::shortcode_wrapper(Array, '')
#9 C:\xampp\htdocs\orchardrock1\wp-includes\shortcodes.php(355): WC_Shortcodes::checkout('', '', 'woocommerce_che...')
#10 [internal function]: do_shortcode_tag(Array)
#11 C:\xampp\htdocs\orchardrock1\wp-includes\shortcodes.php(227): preg_replace_callback('/\\[(\\[?)(woocom...', 'do_shortcode_ta...', '[woocommerce_ch...')
#12 C:\xampp\htdocs\orchardrock1\wp-includes\class-wp-hook.php(308): do_shortcode('[woocommerce_ch...')
#13 C:\xampp\htdocs\orchardrock1\wp-includes\plugin.php(205): WP_Hook->apply_filters('[woocommerce_ch...', Array)
#14 C:\xampp\htdocs\orchardrock1\wp-includes\post-template.php(255): apply_filters('the_content', '<!-- wp:shortco...')
#15 C:\xampp\htdocs\orchardrock1\wp-content\themes\bazaar-lite\core\templates\after-content.php(36): the_content()
#16 C:\xampp\htdocs\orchardrock1\wp-includes\class-wp-hook.php(308): bazaarlite_after_content_function('')
#17 C:\xampp\htdocs\orchardrock1\wp-includes\class-wp-hook.php(332): WP_Hook->apply_filters('', Array)
#18 C:\xampp\htdocs\orchardrock1\wp-includes\plugin.php(517): WP_Hook->do_action(Array)
#19 C:\xampp\htdocs\orchardrock1\wp-content\themes\bazaar-lite\core\post-formats\page-format.php(19): do_action('bazaarlite_afte...')
#20 C:\xampp\htdocs\orchardrock1\wp-includes\template.php(785): require('C:\\xampp\\htdocs...')
#21 C:\xampp\htdocs\orchardrock1\wp-includes\template.php(718): load_template('C:\\xampp\\htdocs...', false, Array)
#22 C:\xampp\htdocs\orchardrock1\wp-includes\general-template.php(204): locate_template(Array, true, false, Array)
#23 C:\xampp\htdocs\orchardrock1\wp-content\themes\bazaar-lite\core\templates\post-formats.php(40): get_template_part('core/post-forma...')
#24 C:\xampp\htdocs\orchardrock1\wp-includes\class-wp-hook.php(308): bazaarlite_postformat_function('')
#25 C:\xampp\htdocs\orchardrock1\wp-includes\class-wp-hook.php(332): WP_Hook->apply_filters('', Array)
#26 C:\xampp\htdocs\orchardrock1\wp-includes\plugin.php(517): WP_Hook->do_action(Array)
#27 C:\xampp\htdocs\orchardrock1\wp-content\themes\bazaar-lite\page.php(36): do_action('bazaarlite_post...')
#28 C:\xampp\htdocs\orchardrock1\wp-includes\template-loader.php(106): include('C:\\xampp\\htdocs...')
#29 C:\xampp\htdocs\orchardrock1\wp-blog-header.php(19): require_once('C:\\xampp\\htdocs...')
#30 C:\xampp\htdocs\orchardrock1\index.php(17): require('C:\\xampp\\htdocs...')
#31 {main}
  thrown in C:\xampp\htdocs\orchardrock1\wp-content\themes\bazaar-lite\functions.php on line 371

2023-05-12T07:46:34+00:00 CRITICAL Uncaught Error: Call to undefined function primt_r() in C:\xampp\htdocs\orchardrock1\wp-content\themes\bazaar-lite\functions.php:371
Stack trace:
#0 C:\xampp\htdocs\orchardrock1\wp-includes\class-wp-hook.php(308): transaction_after_order_completion(3768)
#1 C:\xampp\htdocs\orchardrock1\wp-includes\class-wp-hook.php(332): WP_Hook->apply_filters(NULL, Array)
#2 C:\xampp\htdocs\orchardrock1\wp-includes\plugin.php(517): WP_Hook->do_action(Array)
#3 C:\xampp\htdocs\orchardrock1\wp-content\themes\bazaar-lite\woocommerce\checkout\thankyou.php(80): do_action('woocommerce_tha...', 3768)
#4 C:\xampp\htdocs\orchardrock1\wp-content\plugins\woocommerce\includes\wc-core-functions.php(345): include('C:\\xampp\\htdocs...')
#5 C:\xampp\htdocs\orchardrock1\wp-content\plugins\woocommerce\includes\shortcodes\class-wc-shortcode-checkout.php(279): wc_get_template('checkout/thanky...', Array)
#6 C:\xampp\htdocs\orchardrock1\wp-content\plugins\woocommerce\includes\shortcodes\class-wc-shortcode-checkout.php(63): WC_Shortcode_Checkout::order_received(3768)
#7 C:\xampp\htdocs\orchardrock1\wp-content\plugins\woocommerce\includes\class-wc-shortcodes.php(72): WC_Shortcode_Checkout::output('')
#8 C:\xampp\htdocs\orchardrock1\wp-content\plugins\woocommerce\includes\class-wc-shortcodes.php(95): WC_Shortcodes::shortcode_wrapper(Array, '')
#9 C:\xampp\htdocs\orchardrock1\wp-includes\shortcodes.php(355): WC_Shortcodes::checkout('', '', 'woocommerce_che...')
#10 [internal function]: do_shortcode_tag(Array)
#11 C:\xampp\htdocs\orchardrock1\wp-includes\shortcodes.php(227): preg_replace_callback('/\\[(\\[?)(woocom...', 'do_shortcode_ta...', '[woocommerce_ch...')
#12 C:\xampp\htdocs\orchardrock1\wp-includes\class-wp-hook.php(308): do_shortcode('[woocommerce_ch...')
#13 C:\xampp\htdocs\orchardrock1\wp-includes\plugin.php(205): WP_Hook->apply_filters('[woocommerce_ch...', Array)
#14 C:\xampp\htdocs\orchardrock1\wp-includes\post-template.php(255): apply_filters('the_content', '<!-- wp:shortco...')
#15 C:\xampp\htdocs\orchardrock1\wp-content\themes\bazaar-lite\core\templates\after-content.php(36): the_content()
#16 C:\xampp\htdocs\orchardrock1\wp-includes\class-wp-hook.php(308): bazaarlite_after_content_function('')
#17 C:\xampp\htdocs\orchardrock1\wp-includes\class-wp-hook.php(332): WP_Hook->apply_filters('', Array)
#18 C:\xampp\htdocs\orchardrock1\wp-includes\plugin.php(517): WP_Hook->do_action(Array)
#19 C:\xampp\htdocs\orchardrock1\wp-content\themes\bazaar-lite\core\post-formats\page-format.php(19): do_action('bazaarlite_afte...')
#20 C:\xampp\htdocs\orchardrock1\wp-includes\template.php(785): require('C:\\xampp\\htdocs...')
#21 C:\xampp\htdocs\orchardrock1\wp-includes\template.php(718): load_template('C:\\xampp\\htdocs...', false, Array)
#22 C:\xampp\htdocs\orchardrock1\wp-includes\general-template.php(204): locate_template(Array, true, false, Array)
#23 C:\xampp\htdocs\orchardrock1\wp-content\themes\bazaar-lite\core\templates\post-formats.php(40): get_template_part('core/post-forma...')
#24 C:\xampp\htdocs\orchardrock1\wp-includes\class-wp-hook.php(308): bazaarlite_postformat_function('')
#25 C:\xampp\htdocs\orchardrock1\wp-includes\class-wp-hook.php(332): WP_Hook->apply_filters('', Array)
#26 C:\xampp\htdocs\orchardrock1\wp-includes\plugin.php(517): WP_Hook->do_action(Array)
#27 C:\xampp\htdocs\orchardrock1\wp-content\themes\bazaar-lite\page.php(36): do_action('bazaarlite_post...')
#28 C:\xampp\htdocs\orchardrock1\wp-includes\template-loader.php(106): include('C:\\xampp\\htdocs...')
#29 C:\xampp\htdocs\orchardrock1\wp-blog-header.php(19): require_once('C:\\xampp\\htdocs...')
#30 C:\xampp\htdocs\orchardrock1\index.php(17): require('C:\\xampp\\htdocs...')
#31 {main}
  thrown in C:\xampp\htdocs\orchardrock1\wp-content\themes\bazaar-lite\functions.php on line 371

