2023-04-19T05:33:46+00:00 CRITICAL Uncaught TypeError: call_user_func_array(): Argument #1 ($callback) must be a valid callback, function "woocommerce_product_custom_fields_save" not found or invalid function name in C:\xampp\htdocs\orchardrock1\wp-includes\class-wp-hook.php:310
Stack trace:
#0 C:\xampp\htdocs\orchardrock1\wp-includes\class-wp-hook.php(332): WP_Hook->apply_filters('', Array)
#1 C:\xampp\htdocs\orchardrock1\wp-includes\plugin.php(517): WP_Hook->do_action(Array)
#2 C:\xampp\htdocs\orchardrock1\wp-content\plugins\woocommerce\includes\admin\class-wc-admin-meta-boxes.php(268): do_action('woocommerce_pro...', 3111, Object(WP_Post))
#3 C:\xampp\htdocs\orchardrock1\wp-includes\class-wp-hook.php(310): WC_Admin_Meta_Boxes->save_meta_boxes(3111, Object(WP_Post))
#4 C:\xampp\htdocs\orchardrock1\wp-includes\class-wp-hook.php(332): WP_Hook->apply_filters('', Array)
#5 C:\xampp\htdocs\orchardrock1\wp-includes\plugin.php(517): WP_Hook->do_action(Array)
#6 C:\xampp\htdocs\orchardrock1\wp-includes\post.php(4717): do_action('save_post', 3111, Object(WP_Post), true)
#7 C:\xampp\htdocs\orchardrock1\wp-includes\post.php(4819): wp_insert_post(Array, false, true)
#8 C:\xampp\htdocs\orchardrock1\wp-admin\includes\post.php(426): wp_update_post(Array)
#9 C:\xampp\htdocs\orchardrock1\wp-admin\post.php(227): edit_post()
#10 {main}
  thrown in C:\xampp\htdocs\orchardrock1\wp-includes\class-wp-hook.php on line 310

2023-04-19T05:37:04+00:00 CRITICAL Uncaught TypeError: call_user_func_array(): Argument #1 ($callback) must be a valid callback, function "woocommerce_product_custom_fields_save" not found or invalid function name in C:\xampp\htdocs\orchardrock1\wp-includes\class-wp-hook.php:310
Stack trace:
#0 C:\xampp\htdocs\orchardrock1\wp-includes\class-wp-hook.php(332): WP_Hook->apply_filters('', Array)
#1 C:\xampp\htdocs\orchardrock1\wp-includes\plugin.php(517): WP_Hook->do_action(Array)
#2 C:\xampp\htdocs\orchardrock1\wp-content\plugins\woocommerce\includes\admin\class-wc-admin-meta-boxes.php(268): do_action('woocommerce_pro...', 3111, Object(WP_Post))
#3 C:\xampp\htdocs\orchardrock1\wp-includes\class-wp-hook.php(310): WC_Admin_Meta_Boxes->save_meta_boxes(3111, Object(WP_Post))
#4 C:\xampp\htdocs\orchardrock1\wp-includes\class-wp-hook.php(332): WP_Hook->apply_filters('', Array)
#5 C:\xampp\htdocs\orchardrock1\wp-includes\plugin.php(517): WP_Hook->do_action(Array)
#6 C:\xampp\htdocs\orchardrock1\wp-includes\post.php(4717): do_action('save_post', 3111, Object(WP_Post), true)
#7 C:\xampp\htdocs\orchardrock1\wp-includes\post.php(4819): wp_insert_post(Array, false, true)
#8 C:\xampp\htdocs\orchardrock1\wp-admin\includes\post.php(426): wp_update_post(Array)
#9 C:\xampp\htdocs\orchardrock1\wp-admin\post.php(227): edit_post()
#10 {main}
  thrown in C:\xampp\htdocs\orchardrock1\wp-includes\class-wp-hook.php on line 310

2023-04-19T05:39:48+00:00 CRITICAL Uncaught Error: Call to undefined function woocommerce_wp_text_input() in C:\xampp\htdocs\orchardrock1\wp-content\themes\bazaar-lite\functions.php:17
Stack trace:
#0 C:\xampp\htdocs\orchardrock1\wp-settings.php(585): include()
#1 C:\xampp\htdocs\orchardrock1\wp-config.php(96): require_once('C:\\xampp\\htdocs...')
#2 C:\xampp\htdocs\orchardrock1\wp-load.php(50): require_once('C:\\xampp\\htdocs...')
#3 C:\xampp\htdocs\orchardrock1\wp-admin\admin.php(34): require_once('C:\\xampp\\htdocs...')
#4 C:\xampp\htdocs\orchardrock1\wp-admin\post.php(12): require_once('C:\\xampp\\htdocs...')
#5 {main}
  thrown in C:\xampp\htdocs\orchardrock1\wp-content\themes\bazaar-lite\functions.php on line 17

2023-04-19T05:42:14+00:00 CRITICAL Uncaught Error: Call to undefined function woocommerce_wp_text_input() in C:\xampp\htdocs\orchardrock1\wp-content\themes\bazaar-lite\functions.php:22
Stack trace:
#0 C:\xampp\htdocs\orchardrock1\wp-settings.php(585): include()
#1 C:\xampp\htdocs\orchardrock1\wp-config.php(96): require_once('C:\\xampp\\htdocs...')
#2 C:\xampp\htdocs\orchardrock1\wp-load.php(50): require_once('C:\\xampp\\htdocs...')
#3 C:\xampp\htdocs\orchardrock1\wp-admin\admin.php(34): require_once('C:\\xampp\\htdocs...')
#4 C:\xampp\htdocs\orchardrock1\wp-admin\post.php(12): require_once('C:\\xampp\\htdocs...')
#5 {main}
  thrown in C:\xampp\htdocs\orchardrock1\wp-content\themes\bazaar-lite\functions.php on line 22

