2023-05-05T07:46:04+00:00 CRITICAL Uncaught Error: Call to undefined function get_stock_quantity() in C:\xampp\htdocs\orchardrock1\wp-content\themes\bazaar-lite\public-courses.php:280
Stack trace:
#0 C:\xampp\htdocs\orchardrock1\wp-includes\template-loader.php(106): include()
#1 C:\xampp\htdocs\orchardrock1\wp-blog-header.php(19): require_once('C:\\xampp\\htdocs...')
#2 C:\xampp\htdocs\orchardrock1\index.php(17): require('C:\\xampp\\htdocs...')
#3 {main}
  thrown in C:\xampp\htdocs\orchardrock1\wp-content\themes\bazaar-lite\public-courses.php on line 280

2023-05-05T07:51:45+00:00 CRITICAL syntax error, unexpected token ";" in C:\xampp\htdocs\orchardrock1\wp-content\themes\bazaar-lite\public-courses.php on line 280

2023-05-05T10:34:07+00:00 CRITICAL Uncaught Error: Call to undefined function is_purchasable() in C:\xampp\htdocs\orchardrock1\wp-content\themes\bazaar-lite\public-courses.php:304
Stack trace:
#0 C:\xampp\htdocs\orchardrock1\wp-includes\template-loader.php(106): include()
#1 C:\xampp\htdocs\orchardrock1\wp-blog-header.php(19): require_once('C:\\xampp\\htdocs...')
#2 C:\xampp\htdocs\orchardrock1\index.php(17): require('C:\\xampp\\htdocs...')
#3 {main}
  thrown in C:\xampp\htdocs\orchardrock1\wp-content\themes\bazaar-lite\public-courses.php on line 304

2023-05-05T12:02:20+00:00 CRITICAL Uncaught TypeError: call_user_func_array(): Argument #1 ($callback) must be a valid callback, function "custom_woocommerce_get_availability_text" not found or invalid function name in C:\xampp\htdocs\orchardrock1\wp-includes\class-wp-hook.php:308
Stack trace:
#0 C:\xampp\htdocs\orchardrock1\wp-includes\plugin.php(205): WP_Hook->apply_filters('Out of stock', Array)
#1 C:\xampp\htdocs\orchardrock1\wp-content\plugins\woocommerce\includes\abstracts\abstract-wc-product.php(2127): apply_filters('woocommerce_get...', 'Out of stock', Object(WC_Product_Simple))
#2 C:\xampp\htdocs\orchardrock1\wp-content\plugins\woocommerce\includes\abstracts\abstract-wc-product.php(2103): WC_Product->get_availability_text()
#3 C:\xampp\htdocs\orchardrock1\wp-content\plugins\woocommerce\includes\wc-template-functions.php(3569): WC_Product->get_availability()
#4 C:\xampp\htdocs\orchardrock1\wp-content\plugins\woocommerce\templates\single-product\add-to-cart\simple.php(26): wc_get_stock_html(Object(WC_Product_Simple))
#5 C:\xampp\htdocs\orchardrock1\wp-content\plugins\woocommerce\includes\wc-core-functions.php(345): include('C:\\xampp\\htdocs...')
#6 C:\xampp\htdocs\orchardrock1\wp-content\plugins\woocommerce\includes\wc-template-functions.php(1703): wc_get_template('single-product/...')
#7 C:\xampp\htdocs\orchardrock1\wp-includes\class-wp-hook.php(308): woocommerce_simple_add_to_cart('')
#8 C:\xampp\htdocs\orchardrock1\wp-includes\class-wp-hook.php(332): WP_Hook->apply_filters('', Array)
#9 C:\xampp\htdocs\orchardrock1\wp-includes\plugin.php(517): WP_Hook->do_action(Array)
#10 C:\xampp\htdocs\orchardrock1\wp-content\plugins\woocommerce\includes\wc-template-functions.php(1694): do_action('woocommerce_sim...')
#11 C:\xampp\htdocs\orchardrock1\wp-includes\class-wp-hook.php(308): woocommerce_template_single_add_to_cart('')
#12 C:\xampp\htdocs\orchardrock1\wp-includes\class-wp-hook.php(332): WP_Hook->apply_filters(NULL, Array)
#13 C:\xampp\htdocs\orchardrock1\wp-includes\plugin.php(517): WP_Hook->do_action(Array)
#14 C:\xampp\htdocs\orchardrock1\wp-content\themes\bazaar-lite\woocommerce\content-single-product.php(77): do_action('woocommerce_sin...')
#15 C:\xampp\htdocs\orchardrock1\wp-includes\template.php(785): require('C:\\xampp\\htdocs...')
#16 C:\xampp\htdocs\orchardrock1\wp-content\plugins\woocommerce\includes\wc-core-functions.php(284): load_template('C:\\xampp\\htdocs...', false)
#17 C:\xampp\htdocs\orchardrock1\wp-content\themes\bazaar-lite\woocommerce\single-product.php(30): wc_get_template_part('content', 'single-product')
#18 C:\xampp\htdocs\orchardrock1\wp-includes\template-loader.php(106): include('C:\\xampp\\htdocs...')
#19 C:\xampp\htdocs\orchardrock1\wp-blog-header.php(19): require_once('C:\\xampp\\htdocs...')
#20 C:\xampp\htdocs\orchardrock1\index.php(17): require('C:\\xampp\\htdocs...')
#21 {main}
  thrown in C:\xampp\htdocs\orchardrock1\wp-includes\class-wp-hook.php on line 308

2023-05-05T12:42:33+00:00 CRITICAL syntax error, unexpected token "<" in C:\xampp\htdocs\orchardrock1\wp-content\themes\bazaar-lite\woocommerce\single-product\related.php on line 145

2023-05-05T12:50:16+00:00 CRITICAL syntax error, unexpected token "}" in C:\xampp\htdocs\orchardrock1\wp-content\themes\bazaar-lite\woocommerce\single-product\related.php on line 119

2023-05-05T12:51:08+00:00 CRITICAL syntax error, unexpected token "}" in C:\xampp\htdocs\orchardrock1\wp-content\themes\bazaar-lite\woocommerce\single-product\related.php on line 117

2023-05-05T12:51:15+00:00 CRITICAL syntax error, unexpected token "}" in C:\xampp\htdocs\orchardrock1\wp-content\themes\bazaar-lite\woocommerce\single-product\related.php on line 117

2023-05-05T12:51:33+00:00 CRITICAL syntax error, unexpected token "else" in C:\xampp\htdocs\orchardrock1\wp-content\themes\bazaar-lite\woocommerce\single-product\related.php on line 117

2023-05-05T12:51:40+00:00 CRITICAL syntax error, unexpected token "else" in C:\xampp\htdocs\orchardrock1\wp-content\themes\bazaar-lite\woocommerce\single-product\related.php on line 117

2023-05-05T12:52:08+00:00 CRITICAL syntax error, unexpected token "else" in C:\xampp\htdocs\orchardrock1\wp-content\themes\bazaar-lite\woocommerce\single-product\related.php on line 114

2023-05-05T12:53:28+00:00 CRITICAL Uncaught Error: Call to a member function get_stock_quantity() on null in C:\xampp\htdocs\orchardrock1\wp-content\themes\bazaar-lite\woocommerce\single-product\related.php:100
Stack trace:
#0 C:\xampp\htdocs\orchardrock1\wp-content\plugins\woocommerce\includes\wc-core-functions.php(345): include()
#1 C:\xampp\htdocs\orchardrock1\wp-content\plugins\woocommerce\includes\wc-template-functions.php(2072): wc_get_template('single-product/...', Array)
#2 C:\xampp\htdocs\orchardrock1\wp-content\plugins\woocommerce\includes\wc-template-functions.php(2035): woocommerce_related_products(Array)
#3 C:\xampp\htdocs\orchardrock1\wp-includes\class-wp-hook.php(308): woocommerce_output_related_products('')
#4 C:\xampp\htdocs\orchardrock1\wp-includes\class-wp-hook.php(332): WP_Hook->apply_filters(NULL, Array)
#5 C:\xampp\htdocs\orchardrock1\wp-includes\plugin.php(517): WP_Hook->do_action(Array)
#6 C:\xampp\htdocs\orchardrock1\wp-content\themes\bazaar-lite\woocommerce\content-single-product.php(90): do_action('woocommerce_aft...')
#7 C:\xampp\htdocs\orchardrock1\wp-includes\template.php(785): require('C:\\xampp\\htdocs...')
#8 C:\xampp\htdocs\orchardrock1\wp-content\plugins\woocommerce\includes\wc-core-functions.php(284): load_template('C:\\xampp\\htdocs...', false)
#9 C:\xampp\htdocs\orchardrock1\wp-content\themes\bazaar-lite\woocommerce\single-product.php(30): wc_get_template_part('content', 'single-product')
#10 C:\xampp\htdocs\orchardrock1\wp-includes\template-loader.php(106): include('C:\\xampp\\htdocs...')
#11 C:\xampp\htdocs\orchardrock1\wp-blog-header.php(19): require_once('C:\\xampp\\htdocs...')
#12 C:\xampp\htdocs\orchardrock1\index.php(17): require('C:\\xampp\\htdocs...')
#13 {main}
  thrown in C:\xampp\htdocs\orchardrock1\wp-content\themes\bazaar-lite\woocommerce\single-product\related.php on line 100

2023-05-05T12:54:58+00:00 CRITICAL Uncaught Error: Call to a member function get_stock_quantity() on null in C:\xampp\htdocs\orchardrock1\wp-content\themes\bazaar-lite\woocommerce\single-product\related.php:100
Stack trace:
#0 C:\xampp\htdocs\orchardrock1\wp-content\plugins\woocommerce\includes\wc-core-functions.php(345): include()
#1 C:\xampp\htdocs\orchardrock1\wp-content\plugins\woocommerce\includes\wc-template-functions.php(2072): wc_get_template('single-product/...', Array)
#2 C:\xampp\htdocs\orchardrock1\wp-content\plugins\woocommerce\includes\wc-template-functions.php(2035): woocommerce_related_products(Array)
#3 C:\xampp\htdocs\orchardrock1\wp-includes\class-wp-hook.php(308): woocommerce_output_related_products('')
#4 C:\xampp\htdocs\orchardrock1\wp-includes\class-wp-hook.php(332): WP_Hook->apply_filters(NULL, Array)
#5 C:\xampp\htdocs\orchardrock1\wp-includes\plugin.php(517): WP_Hook->do_action(Array)
#6 C:\xampp\htdocs\orchardrock1\wp-content\themes\bazaar-lite\woocommerce\content-single-product.php(90): do_action('woocommerce_aft...')
#7 C:\xampp\htdocs\orchardrock1\wp-includes\template.php(785): require('C:\\xampp\\htdocs...')
#8 C:\xampp\htdocs\orchardrock1\wp-content\plugins\woocommerce\includes\wc-core-functions.php(284): load_template('C:\\xampp\\htdocs...', false)
#9 C:\xampp\htdocs\orchardrock1\wp-content\themes\bazaar-lite\woocommerce\single-product.php(30): wc_get_template_part('content', 'single-product')
#10 C:\xampp\htdocs\orchardrock1\wp-includes\template-loader.php(106): include('C:\\xampp\\htdocs...')
#11 C:\xampp\htdocs\orchardrock1\wp-blog-header.php(19): require_once('C:\\xampp\\htdocs...')
#12 C:\xampp\htdocs\orchardrock1\index.php(17): require('C:\\xampp\\htdocs...')
#13 {main}
  thrown in C:\xampp\htdocs\orchardrock1\wp-content\themes\bazaar-lite\woocommerce\single-product\related.php on line 100

