2023-04-22T07:31:30+00:00 CRITICAL syntax error, unexpected identifier "get_footer", expecting "," or ";" in C:\xampp\htdocs\orchardrock1\wp-content\themes\bazaar-lite\public-courses.php on line 8

2023-04-22T09:14:44+00:00 CRITICAL syntax error, unexpected token "<", expecting end of file in C:\xampp\htdocs\orchardrock1\wp-content\themes\bazaar-lite\public-courses.php on line 4

2023-04-22T09:14:56+00:00 CRITICAL syntax error, unexpected token "<", expecting end of file in C:\xampp\htdocs\orchardrock1\wp-content\themes\bazaar-lite\public-courses.php on line 4

2023-04-22T09:15:00+00:00 CRITICAL syntax error, unexpected token "<", expecting end of file in C:\xampp\htdocs\orchardrock1\wp-content\themes\bazaar-lite\public-courses.php on line 4

2023-04-22T09:17:23+00:00 CRITICAL syntax error, unexpected token "<", expecting end of file in C:\xampp\htdocs\orchardrock1\wp-content\themes\bazaar-lite\public-courses.php on line 4

2023-04-22T10:37:35+00:00 CRITICAL Uncaught TypeError: call_user_func_array(): Argument #1 ($callback) must be a valid callback, function "ti_custom_javascript" not found or invalid function name in C:\xampp\htdocs\orchardrock1\wp-includes\class-wp-hook.php:308
Stack trace:
#0 C:\xampp\htdocs\orchardrock1\wp-includes\class-wp-hook.php(332): WP_Hook->apply_filters(NULL, Array)
#1 C:\xampp\htdocs\orchardrock1\wp-includes\plugin.php(517): WP_Hook->do_action(Array)
#2 C:\xampp\htdocs\orchardrock1\wp-includes\general-template.php(3043): do_action('wp_head')
#3 C:\xampp\htdocs\orchardrock1\wp-content\themes\bazaar-lite\header.php(8): wp_head()
#4 C:\xampp\htdocs\orchardrock1\wp-includes\template.php(783): require_once('C:\\xampp\\htdocs...')
#5 C:\xampp\htdocs\orchardrock1\wp-includes\template.php(718): load_template('C:\\xampp\\htdocs...', true, Array)
#6 C:\xampp\htdocs\orchardrock1\wp-includes\general-template.php(48): locate_template(Array, true, true, Array)
#7 C:\xampp\htdocs\orchardrock1\wp-content\themes\bazaar-lite\woocommerce\archive-product.php(20): get_header('shop')
#8 C:\xampp\htdocs\orchardrock1\wp-includes\template-loader.php(106): include('C:\\xampp\\htdocs...')
#9 C:\xampp\htdocs\orchardrock1\wp-blog-header.php(19): require_once('C:\\xampp\\htdocs...')
#10 C:\xampp\htdocs\orchardrock1\index.php(17): require('C:\\xampp\\htdocs...')
#11 {main}
  thrown in C:\xampp\htdocs\orchardrock1\wp-includes\class-wp-hook.php on line 308

2023-04-22T10:37:36+00:00 CRITICAL Uncaught TypeError: call_user_func_array(): Argument #1 ($callback) must be a valid callback, function "ti_custom_javascript" not found or invalid function name in C:\xampp\htdocs\orchardrock1\wp-includes\class-wp-hook.php:308
Stack trace:
#0 C:\xampp\htdocs\orchardrock1\wp-includes\class-wp-hook.php(332): WP_Hook->apply_filters(NULL, Array)
#1 C:\xampp\htdocs\orchardrock1\wp-includes\plugin.php(517): WP_Hook->do_action(Array)
#2 C:\xampp\htdocs\orchardrock1\wp-includes\general-template.php(3043): do_action('wp_head')
#3 C:\xampp\htdocs\orchardrock1\wp-content\themes\bazaar-lite\header.php(8): wp_head()
#4 C:\xampp\htdocs\orchardrock1\wp-includes\template.php(783): require_once('C:\\xampp\\htdocs...')
#5 C:\xampp\htdocs\orchardrock1\wp-includes\template.php(718): load_template('C:\\xampp\\htdocs...', true, Array)
#6 C:\xampp\htdocs\orchardrock1\wp-includes\general-template.php(48): locate_template(Array, true, true, Array)
#7 C:\xampp\htdocs\orchardrock1\wp-content\themes\bazaar-lite\404.php(3): get_header()
#8 C:\xampp\htdocs\orchardrock1\wp-includes\template-loader.php(106): include('C:\\xampp\\htdocs...')
#9 C:\xampp\htdocs\orchardrock1\wp-blog-header.php(19): require_once('C:\\xampp\\htdocs...')
#10 C:\xampp\htdocs\orchardrock1\index.php(17): require('C:\\xampp\\htdocs...')
#11 {main}
  thrown in C:\xampp\htdocs\orchardrock1\wp-includes\class-wp-hook.php on line 308

2023-04-22T10:37:37+00:00 CRITICAL Uncaught TypeError: call_user_func_array(): Argument #1 ($callback) must be a valid callback, function "ti_custom_javascript" not found or invalid function name in C:\xampp\htdocs\orchardrock1\wp-includes\class-wp-hook.php:308
Stack trace:
#0 C:\xampp\htdocs\orchardrock1\wp-includes\class-wp-hook.php(332): WP_Hook->apply_filters(NULL, Array)
#1 C:\xampp\htdocs\orchardrock1\wp-includes\plugin.php(517): WP_Hook->do_action(Array)
#2 C:\xampp\htdocs\orchardrock1\wp-includes\general-template.php(3043): do_action('wp_head')
#3 C:\xampp\htdocs\orchardrock1\wp-content\themes\bazaar-lite\header.php(8): wp_head()
#4 C:\xampp\htdocs\orchardrock1\wp-includes\template.php(783): require_once('C:\\xampp\\htdocs...')
#5 C:\xampp\htdocs\orchardrock1\wp-includes\template.php(718): load_template('C:\\xampp\\htdocs...', true, Array)
#6 C:\xampp\htdocs\orchardrock1\wp-includes\general-template.php(48): locate_template(Array, true, true, Array)
#7 C:\xampp\htdocs\orchardrock1\wp-content\themes\bazaar-lite\404.php(3): get_header()
#8 C:\xampp\htdocs\orchardrock1\wp-includes\template-loader.php(106): include('C:\\xampp\\htdocs...')
#9 C:\xampp\htdocs\orchardrock1\wp-blog-header.php(19): require_once('C:\\xampp\\htdocs...')
#10 C:\xampp\htdocs\orchardrock1\index.php(17): require('C:\\xampp\\htdocs...')
#11 {main}
  thrown in C:\xampp\htdocs\orchardrock1\wp-includes\class-wp-hook.php on line 308

2023-04-22T10:41:38+00:00 CRITICAL syntax error, unexpected double-quoted string "Hello" in C:\xampp\htdocs\orchardrock1\wp-content\themes\bazaar-lite\functions.php on line 138

2023-04-22T10:50:16+00:00 CRITICAL syntax error, unexpected token "exit", expecting "," or ";" in C:\xampp\htdocs\orchardrock1\wp-content\themes\bazaar-lite\functions.php on line 138

2023-04-22T11:04:46+00:00 CRITICAL Array and string offset access syntax with curly braces is no longer supported in C:\xampp\htdocs\orchardrock1\wp-content\plugins\wpsearch\WPSearch\Backends\Phplucene\Zend\Search\Lucene\Storage\File.php on line 161

2023-04-22T11:04:47+00:00 CRITICAL Array and string offset access syntax with curly braces is no longer supported in C:\xampp\htdocs\orchardrock1\wp-content\plugins\wpsearch\WPSearch\Backends\Phplucene\Zend\Search\Lucene\Storage\File.php on line 161

2023-04-22T11:04:54+00:00 CRITICAL Array and string offset access syntax with curly braces is no longer supported in C:\xampp\htdocs\orchardrock1\wp-content\plugins\wpsearch\WPSearch\Backends\Phplucene\Zend\Search\Lucene\Storage\File.php on line 161

2023-04-22T11:04:58+00:00 CRITICAL Array and string offset access syntax with curly braces is no longer supported in C:\xampp\htdocs\orchardrock1\wp-content\plugins\wpsearch\WPSearch\Backends\Phplucene\Zend\Search\Lucene\Storage\File.php on line 161

2023-04-22T11:05:15+00:00 CRITICAL Array and string offset access syntax with curly braces is no longer supported in C:\xampp\htdocs\orchardrock1\wp-content\plugins\wpsearch\WPSearch\Backends\Phplucene\Zend\Search\Lucene\Storage\File.php on line 161

2023-04-22T11:52:51+00:00 CRITICAL Uncaught ArgumentCountError: Too few arguments to function filter_woocommerce_product_query_meta_query(), 0 passed in C:\xampp\htdocs\orchardrock1\wp-content\themes\bazaar-lite\functions.php on line 178 and exactly 1 expected in C:\xampp\htdocs\orchardrock1\wp-content\themes\bazaar-lite\functions.php:163
Stack trace:
#0 C:\xampp\htdocs\orchardrock1\wp-content\themes\bazaar-lite\functions.php(178): filter_woocommerce_product_query_meta_query()
#1 C:\xampp\htdocs\orchardrock1\wp-includes\class-wp-hook.php(308): get_filtered_products('')
#2 C:\xampp\htdocs\orchardrock1\wp-includes\class-wp-hook.php(332): WP_Hook->apply_filters('', Array)
#3 C:\xampp\htdocs\orchardrock1\wp-includes\plugin.php(517): WP_Hook->do_action(Array)
#4 C:\xampp\htdocs\orchardrock1\wp-admin\admin-ajax.php(188): do_action('wp_ajax_get_fil...')
#5 {main}
  thrown in C:\xampp\htdocs\orchardrock1\wp-content\themes\bazaar-lite\functions.php on line 163

2023-04-22T12:00:55+00:00 CRITICAL syntax error, unexpected token "=>" in C:\xampp\htdocs\orchardrock1\wp-content\themes\bazaar-lite\functions.php on line 170

2023-04-22T12:30:10+00:00 CRITICAL Uncaught TypeError: json_decode(): Argument #1 ($json) must be of type string, array given in C:\xampp\htdocs\orchardrock1\wp-content\themes\bazaar-lite\functions.php:162
Stack trace:
#0 C:\xampp\htdocs\orchardrock1\wp-content\themes\bazaar-lite\functions.php(162): json_decode(Array)
#1 C:\xampp\htdocs\orchardrock1\wp-includes\class-wp-hook.php(308): get_filtered_products('')
#2 C:\xampp\htdocs\orchardrock1\wp-includes\class-wp-hook.php(332): WP_Hook->apply_filters('', Array)
#3 C:\xampp\htdocs\orchardrock1\wp-includes\plugin.php(517): WP_Hook->do_action(Array)
#4 C:\xampp\htdocs\orchardrock1\wp-admin\admin-ajax.php(188): do_action('wp_ajax_get_fil...')
#5 {main}
  thrown in C:\xampp\htdocs\orchardrock1\wp-content\themes\bazaar-lite\functions.php on line 162

2023-04-22T12:30:45+00:00 CRITICAL Uncaught TypeError: json_decode(): Argument #1 ($json) must be of type string, array given in C:\xampp\htdocs\orchardrock1\wp-content\themes\bazaar-lite\functions.php:162
Stack trace:
#0 C:\xampp\htdocs\orchardrock1\wp-content\themes\bazaar-lite\functions.php(162): json_decode(Array)
#1 C:\xampp\htdocs\orchardrock1\wp-includes\class-wp-hook.php(308): get_filtered_products('')
#2 C:\xampp\htdocs\orchardrock1\wp-includes\class-wp-hook.php(332): WP_Hook->apply_filters('', Array)
#3 C:\xampp\htdocs\orchardrock1\wp-includes\plugin.php(517): WP_Hook->do_action(Array)
#4 C:\xampp\htdocs\orchardrock1\wp-admin\admin-ajax.php(188): do_action('wp_ajax_get_fil...')
#5 {main}
  thrown in C:\xampp\htdocs\orchardrock1\wp-content\themes\bazaar-lite\functions.php on line 162

2023-04-22T12:35:14+00:00 CRITICAL Uncaught TypeError: json_decode(): Argument #1 ($json) must be of type string, array given in C:\xampp\htdocs\orchardrock1\wp-content\themes\bazaar-lite\functions.php:163
Stack trace:
#0 C:\xampp\htdocs\orchardrock1\wp-content\themes\bazaar-lite\functions.php(163): json_decode(Array)
#1 C:\xampp\htdocs\orchardrock1\wp-includes\class-wp-hook.php(308): get_filtered_products('')
#2 C:\xampp\htdocs\orchardrock1\wp-includes\class-wp-hook.php(332): WP_Hook->apply_filters('', Array)
#3 C:\xampp\htdocs\orchardrock1\wp-includes\plugin.php(517): WP_Hook->do_action(Array)
#4 C:\xampp\htdocs\orchardrock1\wp-admin\admin-ajax.php(188): do_action('wp_ajax_get_fil...')
#5 {main}
  thrown in C:\xampp\htdocs\orchardrock1\wp-content\themes\bazaar-lite\functions.php on line 163

