2023-03-23T05:40:42+00:00 DEBUG POST: https://business-api.tiktok.com/open_api/v1.2/tbp/business_profile/disconnect/

{"external_business_id":false,"business_platform":"WOO_COMMERCE","is_setup_page":0,"app_id":false}
 ajax: no
2023-03-23T05:40:42+00:00 DEBUG Tt4b_Mapi_Class::mapi_post: Response: 

HTTP/1.1 200 OK
Server: nginx
Content-Type: application/json; charset=utf-8
Content-Length: 103
X-Api-Deprecation-Info: API for Business Version 1.3 is now live. To avoid disruption to your business, we recommend you migrate all calls to v1.3 as soon as possible. Please visit our migration guide for more details: https://ads.tiktok.com/marketing_api/docs?id=1740029169927169
X-Domain-Change-Info: We have moved to the new domain business-api.tiktok.com for API services after the Platform Upgrade on 09/30/2021. Please update all of your requests with the new domain if you haven't done so already. For more information, please visit https://ads.tiktok.com/marketing_api/docs?rid=esb88xalm6m&id=1709207085043713
X-Tt-Logid: 202303230540474C388AA7C173F30096E4
x-tt-trace-host: 01eae1b92c1bc3629c54acd538992cabee13f111cd04418837f016423edf7b5a5b0a235e6fef80f0b8c51e4d6a70f4a8482d1203d68af0d4310c7e7d0498c64a381dd162104cba9dab34c57e9526cc1f10fdf5f8d60a25e40adf10ca85411facfb2cdd2b9705304317b26d1ab920eeeeb8
X-Origin-Response-Time: 11,23.64.122.61
X-Akamai-Request-ID: 1f383008.2cca2c8b
Expires: Thu, 23 Mar 2023 05:40:48 GMT
Cache-Control: max-age=0, no-cache, no-store
Pragma: no-cache
Date: Thu, 23 Mar 2023 05:40:48 GMT
X-Cache: TCP_MISS from a23-63-110-167.deploy.akamaitechnologies.com (AkamaiGHost/11.0.2-47081134) (-)
Connection: close
X-Cache-Remote: TCP_MISS from a23-64-122-61.deploy.akamaitechnologies.com (AkamaiGHost/11.0.2.2-47519392) (-)
x-tt-trace-tag: id=16;cdn-cache=miss;type=dyn
Server-Timing: cdn-cache; desc=MISS, edge; dur=76, origin; dur=11
Server-Timing: inner; dur=6
X-Parent-Response-Time: 86,23.63.110.167

{"code":40104,"message":"The access_token is empty.","request_id":"202303230540474C388AA7C173F30096E4"}

2023-03-23T05:40:42+00:00 DEBUG POST: https://business-api.tiktok.com/tbp/v2.0/shop/connection/disconnect?external_data=

--- EMPTY STRING ---
 ajax: no
2023-03-23T05:40:42+00:00 DEBUG Tt4b_Mapi_Class::tts_shop_disconnect: Response: 

HTTP/1.1 200 OK
Server: nginx
Content-Type: application/json; charset=utf-8
Content-Length: 95
X-Api-Deprecation-Info: API for Business Version 1.3 is now live. To avoid disruption to your business, we recommend you migrate all calls to v1.3 as soon as possible. Please visit our migration guide for more details: https://ads.tiktok.com/marketing_api/docs?id=1740029169927169
X-Domain-Change-Info: We have moved to the new domain business-api.tiktok.com for API services after the Platform Upgrade on 09/30/2021. Please update all of your requests with the new domain if you haven't done so already. For more information, please visit https://ads.tiktok.com/marketing_api/docs?rid=esb88xalm6m&id=1709207085043713
X-Tt-Logid: 202303230540474C388AA7C173F30096E7
x-tt-trace-host: 01eae1b92c1bc3629c54acd538992cabee13f111cd04418837f016423edf7b5a5b0a235e6fef80f0b8c51e4d6a70f4a8482d1203d68af0d4310c7e7d0498c64a381dd162104cba9dab34c57e9526cc1f10fdf5f8d60a25e40adf10ca85411facfb0db2e5b04dde2af08046a99170b05174
X-Origin-Response-Time: 22,23.64.122.61
X-Akamai-Request-ID: 1f382c6a.2cca2d8d
Expires: Thu, 23 Mar 2023 05:40:48 GMT
Cache-Control: max-age=0, no-cache, no-store
Pragma: no-cache
Date: Thu, 23 Mar 2023 05:40:48 GMT
X-Cache: TCP_MISS from a23-63-110-167.deploy.akamaitechnologies.com (AkamaiGHost/11.0.2-47081134) (-)
Connection: close
X-Cache-Remote: TCP_MISS from a23-64-122-61.deploy.akamaitechnologies.com (AkamaiGHost/11.0.2.2-47519392) (-)
x-tt-trace-tag: id=16;cdn-cache=miss;type=dyn
Server-Timing: cdn-cache; desc=MISS, edge; dur=71, origin; dur=22
Server-Timing: inner; dur=12
X-Parent-Response-Time: 93,23.63.110.167

{"code":40001,"message":"Permission denied.","request_id":"202303230540474C388AA7C173F30096E7"}

